2026-02-20 14:44:41 | INFO     | __main__:15 – Starting SmartSched AI v2...
2026-02-20 14:44:42 | INFO     | backend.api:68 – SmartSched AI v2 – Initialising database...
2026-02-20 14:44:42 | INFO     | backend.api:71 – SmartSched AI v2 – Ready.
2026-02-20 14:47:06 | INFO     | __main__:15 – Starting SmartSched AI v2...
2026-02-20 14:47:06 | INFO     | backend.api:68 – SmartSched AI v2 – Initialising database...
2026-02-20 14:47:06 | INFO     | backend.api:71 – SmartSched AI v2 – Ready.
2026-02-20 15:11:31 | INFO     | backend.api:73 – SmartSched AI v2 – Shutting down.
2026-02-24 17:30:13 | INFO     | backend.api:68 – SmartSched AI v2 – Initialising database...
2026-02-24 17:30:13 | INFO     | backend.api:71 – SmartSched AI v2 – Ready.
2026-02-24 17:37:53 | INFO     | backend.api:73 – SmartSched AI v2 – Shutting down.
2026-02-24 17:45:04 | INFO     | backend.api:68 – SmartSched AI v2 – Initialising database...
2026-02-24 17:45:04 | INFO     | backend.api:71 – SmartSched AI v2 – Ready.
2026-02-24 17:57:30 | INFO     | backend.api:73 – SmartSched AI v2 – Shutting down.
2026-02-24 17:57:32 | INFO     | backend.api:68 – SmartSched AI v2 – Initialising database...
2026-02-24 17:58:49 | INFO     | backend.api:68 – SmartSched AI v2 – Initialising database...
2026-02-24 17:59:21 | INFO     | backend.api:68 – SmartSched AI v2 – Initialising database...
2026-02-24 17:59:21 | INFO     | backend.api:71 – SmartSched AI v2 – Ready.
2026-02-24 17:59:48 | INFO     | backend.api:73 – SmartSched AI v2 – Shutting down.
2026-02-24 17:59:52 | INFO     | backend.api:68 – SmartSched AI v2 – Initialising database...
2026-02-24 17:59:52 | INFO     | backend.api:71 – SmartSched AI v2 – Ready.
2026-02-24 18:04:27 | INFO     | backend.api:73 – SmartSched AI v2 – Shutting down.
2026-02-24 18:16:47 | INFO     | backend.api:68 – SmartSched AI v2 – Initialising database...
2026-02-24 18:16:47 | INFO     | backend.api:71 – SmartSched AI v2 – Ready.
2026-02-24 18:19:59 | INFO     | backend.api:73 – SmartSched AI v2 – Shutting down.
2026-02-24 18:21:20 | INFO     | backend.api:68 – SmartSched AI v2 – Initialising database...
2026-02-24 18:21:20 | INFO     | backend.api:71 – SmartSched AI v2 – Ready.
2026-02-24 18:23:21 | INFO     | backend.api:73 – SmartSched AI v2 – Shutting down.
2026-02-24 18:23:26 | INFO     | backend.api:68 – SmartSched AI v2 – Initialising database...
2026-02-24 18:23:26 | INFO     | backend.api:71 – SmartSched AI v2 – Ready.
2026-02-24 18:23:32 | INFO     | backend.api:200 – Login attempt: admin
2026-02-24 18:23:51 | INFO     | backend.api:200 – Login attempt: supervisor
2026-02-24 20:35:49 | INFO     | backend.api:68 – SmartSched AI v2 – Initialising database...
2026-02-24 20:35:49 | INFO     | backend.api:71 – SmartSched AI v2 – Ready.
2026-02-24 20:35:57 | INFO     | backend.api:200 – Login attempt: supervisor
2026-02-24 20:37:57 | INFO     | backend.api:200 – Login attempt: admin
2026-02-24 20:38:28 | INFO     | backend.api:200 – Login attempt: supervisor
2026-02-24 20:44:59 | INFO     | backend.api:73 – SmartSched AI v2 – Shutting down.
2026-02-24 20:45:04 | INFO     | backend.api:68 – SmartSched AI v2 – Initialising database...
2026-02-24 20:45:04 | INFO     | backend.api:71 – SmartSched AI v2 – Ready.
2026-02-24 20:56:51 | INFO     | backend.api:73 – SmartSched AI v2 – Shutting down.
2026-02-24 20:56:55 | INFO     | backend.api:68 – SmartSched AI v2 – Initialising database...
2026-02-24 20:56:55 | INFO     | backend.api:71 – SmartSched AI v2 – Ready.
2026-02-24 20:57:07 | INFO     | backend.api:73 – SmartSched AI v2 – Shutting down.
2026-02-24 20:57:12 | INFO     | backend.api:68 – SmartSched AI v2 – Initialising database...
2026-02-24 20:57:12 | INFO     | backend.api:71 – SmartSched AI v2 – Ready.
2026-02-24 20:58:38 | INFO     | backend.api:201 – Login attempt: supervisor
2026-02-24 21:01:06 | INFO     | backend.api:73 – SmartSched AI v2 – Shutting down.
2026-02-24 21:01:12 | INFO     | backend.api:68 – SmartSched AI v2 – Initialising database...
2026-02-24 21:01:12 | INFO     | backend.api:71 – SmartSched AI v2 – Ready.
2026-02-24 21:02:09 | INFO     | backend.api:73 – SmartSched AI v2 – Shutting down.
2026-02-24 21:02:12 | INFO     | backend.api:68 – SmartSched AI v2 – Initialising database...
2026-02-24 21:02:12 | INFO     | backend.api:71 – SmartSched AI v2 – Ready.
2026-02-24 21:18:53 | INFO     | backend.api:73 – SmartSched AI v2 – Shutting down.
2026-02-24 21:18:58 | INFO     | backend.api:68 – SmartSched AI v2 – Initialising database...
2026-02-24 21:18:58 | INFO     | backend.api:71 – SmartSched AI v2 – Ready.
2026-02-24 21:23:55 | INFO     | backend.api:73 – SmartSched AI v2 – Shutting down.
2026-02-24 21:23:58 | INFO     | backend.api:68 – SmartSched AI v2 – Initialising database...
2026-02-24 21:23:58 | INFO     | backend.api:71 – SmartSched AI v2 – Ready.
2026-02-24 21:26:34 | INFO     | backend.api:73 – SmartSched AI v2 – Shutting down.
2026-02-24 21:27:30 | INFO     | backend.api:68 – SmartSched AI v2 – Initialising database...
2026-02-24 21:27:30 | INFO     | backend.api:71 – SmartSched AI v2 – Ready.
2026-02-24 21:31:27 | INFO     | backend.api:201 – Login attempt: admin
2026-02-24 21:33:00 | INFO     | backend.api:73 – SmartSched AI v2 – Shutting down.
2026-02-25 10:59:31 | INFO     | __main__:15 – Starting SmartSched AI v2...
2026-02-25 10:59:34 | INFO     | backend.api:68 – SmartSched AI v2 – Initialising database...
2026-02-25 10:59:34 | INFO     | backend.api:71 – SmartSched AI v2 – Ready.
2026-02-25 11:00:17 | INFO     | backend.api:201 – Login attempt: admin
2026-02-25 11:01:14 | INFO     | backend.api:201 – Login attempt: supervisor
2026-02-25 11:24:53 | INFO     | backend.api:201 – Login attempt: admin
2026-02-25 11:31:30 | INFO     | backend.api:73 – SmartSched AI v2 – Shutting down.
2026-02-25 11:33:59 | INFO     | __main__:15 – Starting SmartSched AI v2...
2026-02-25 11:34:03 | INFO     | backend.api:68 – SmartSched AI v2 – Initialising database...
2026-02-25 11:34:03 | INFO     | backend.api:71 – SmartSched AI v2 – Ready.
2026-02-25 12:39:36 | INFO     | backend.api:201 – Login attempt: admin
2026-02-25 12:41:43 | INFO     | backend.api:201 – Login attempt: supervisor
2026-02-25 14:01:01 | INFO     | backend.api:73 – SmartSched AI v2 – Shutting down.
2026-02-28 12:19:18 | INFO     | backend.api:68 – SmartSched AI v2 – Initialising database...
2026-02-28 12:19:18 | INFO     | backend.api:71 – SmartSched AI v2 – Ready.
2026-02-28 12:31:06 | INFO     | backend.api:201 – Login attempt: supervisor
2026-02-28 12:42:17 | INFO     | backend.api:68 – SmartSched AI v2 – Initialising database...
2026-02-28 12:42:17 | INFO     | backend.api:71 – SmartSched AI v2 – Ready.
2026-02-28 13:40:10 | INFO     | backend.api:201 – Login attempt: admin
2026-02-28 13:40:23 | INFO     | backend.api:201 – Login attempt: supervisor
